app/build/intermediates/manifest_merge_blame_file/debug/manifest-merger-blame-debug-report.txt
1<?xml version="1.0" encoding="utf-8"?>
2<manifest xmlns:android="http://schemas.android.com/apk/res/android"
3    package="com.nutritionaljournal"
4    android:versionCode="1"
5    android:versionName="1.0" >
6
7    <uses-sdk
8        android:minSdkVersion="24"
8-->src\main\AndroidManifest.xml
9        android:targetSdkVersion="33" />
9-->src\main\AndroidManifest.xml
10
11    <!-- Permissions -->
12    <uses-permission android:name="android.permission.INTERNET" />
12-->src\main\AndroidManifest.xml:6:5-67
12-->src\main\AndroidManifest.xml:6:22-64
13    <uses-permission android:name="android.permission.ACCESS_NETWORK_STATE" />
13-->src\main\AndroidManifest.xml:7:5-79
13-->src\main\AndroidManifest.xml:7:22-76
14    <uses-permission android:name="android.permission.CAMERA" />
14-->src\main\AndroidManifest.xml:8:5-65
14-->src\main\AndroidManifest.xml:8:22-62
15    <uses-permission android:name="android.permission.ACCESS_FINE_LOCATION" />
15-->src\main\AndroidManifest.xml:9:5-79
15-->src\main\AndroidManifest.xml:9:22-76
16    <uses-permission android:name="android.permission.ACCESS_COARSE_LOCATION" />
16-->src\main\AndroidManifest.xml:10:5-81
16-->src\main\AndroidManifest.xml:10:22-78
17    <uses-permission android:name="android.permission.READ_EXTERNAL_STORAGE" />
17-->src\main\AndroidManifest.xml:11:5-80
17-->src\main\AndroidManifest.xml:11:22-77
18    <uses-permission
18-->src\main\AndroidManifest.xml:12:5-13:38
19        android:name="android.permission.WRITE_EXTERNAL_STORAGE"
19-->src\main\AndroidManifest.xml:12:22-78
20        android:maxSdkVersion="28" />
20-->src\main\AndroidManifest.xml:13:9-35
21
22    <uses-feature
22-->src\main\AndroidManifest.xml:15:5-84
23        android:name="android.hardware.camera"
23-->src\main\AndroidManifest.xml:15:19-57
24        android:required="true" />
24-->src\main\AndroidManifest.xml:15:58-81
25    <uses-feature
25-->[com.mapbox.maps:android-core:10.10.0] AndroidManifest.xml:10:5-12:35
26        android:glEsVersion="0x00020000"
26-->[com.mapbox.maps:android-core:10.10.0] AndroidManifest.xml:11:9-41
27        android:required="true" />
27-->[com.mapbox.maps:android-core:10.10.0] AndroidManifest.xml:12:9-32
28    <uses-feature
28-->[com.mapbox.maps:android-core:10.10.0] AndroidManifest.xml:13:5-15:36
29        android:name="android.hardware.wifi"
29-->[com.mapbox.maps:android-core:10.10.0] AndroidManifest.xml:14:9-45
30        android:required="false" />
30-->[com.mapbox.maps:android-core:10.10.0] AndroidManifest.xml:15:9-33
31
32    <uses-permission android:name="android.permission.ACCESS_WIFI_STATE" />
32-->[com.mapbox.maps:android-core:10.10.0] AndroidManifest.xml:19:5-76
32-->[com.mapbox.maps:android-core:10.10.0] AndroidManifest.xml:19:22-73
33
34    <permission
34-->[androidx.core:core:1.9.0] AndroidManifest.xml:22:5-24:47
35        android:name="com.nutritionaljournal.DYNAMIC_RECEIVER_NOT_EXPORTED_PERMISSION"
35-->[androidx.core:core:1.9.0] AndroidManifest.xml:23:9-81
36        android:protectionLevel="signature" />
36-->[androidx.core:core:1.9.0] AndroidManifest.xml:24:9-44
37
38    <uses-permission android:name="com.nutritionaljournal.DYNAMIC_RECEIVER_NOT_EXPORTED_PERMISSION" />
38-->[androidx.core:core:1.9.0] AndroidManifest.xml:26:5-97
38-->[androidx.core:core:1.9.0] AndroidManifest.xml:26:22-94
39
40    <application
40-->src\main\AndroidManifest.xml:17:5-53:19
41        android:name="com.nutritionaljournal.NutritionalJournalApp"
41-->src\main\AndroidManifest.xml:18:9-46
42        android:allowBackup="true"
42-->src\main\AndroidManifest.xml:19:9-35
43        android:appComponentFactory="androidx.core.app.CoreComponentFactory"
43-->[androidx.core:core:1.9.0] AndroidManifest.xml:28:18-86
44        android:debuggable="true"
45        android:extractNativeLibs="false"
46        android:icon="@mipmap/ic_launcher"
46-->src\main\AndroidManifest.xml:20:9-43
47        android:label="@string/app_name"
47-->src\main\AndroidManifest.xml:21:9-41
48        android:roundIcon="@mipmap/ic_launcher_round"
48-->src\main\AndroidManifest.xml:22:9-54
49        android:supportsRtl="true"
49-->src\main\AndroidManifest.xml:23:9-35
50        android:testOnly="true"
51        android:theme="@style/Theme.NutritionalJournal" >
51-->src\main\AndroidManifest.xml:24:9-56
52        <activity
52-->src\main\AndroidManifest.xml:26:9-34:20
53            android:name="com.nutritionaljournal.activities.SplashActivity"
53-->src\main\AndroidManifest.xml:27:13-54
54            android:exported="true"
54-->src\main\AndroidManifest.xml:28:13-36
55            android:theme="@style/Theme.NutritionalJournal.Splash" >
55-->src\main\AndroidManifest.xml:29:13-67
56            <intent-filter>
56-->src\main\AndroidManifest.xml:30:13-33:29
57                <action android:name="android.intent.action.MAIN" />
57-->src\main\AndroidManifest.xml:31:17-69
57-->src\main\AndroidManifest.xml:31:25-66
58
59                <category android:name="android.intent.category.LAUNCHER" />
59-->src\main\AndroidManifest.xml:32:17-77
59-->src\main\AndroidManifest.xml:32:27-74
60            </intent-filter>
61        </activity>
62        <activity
62-->src\main\AndroidManifest.xml:36:9-38:40
63            android:name="com.nutritionaljournal.activities.MainActivity"
63-->src\main\AndroidManifest.xml:37:13-52
64            android:exported="false" />
64-->src\main\AndroidManifest.xml:38:13-37
65        <activity
65-->src\main\AndroidManifest.xml:40:9-42:40
66            android:name="com.nutritionaljournal.activities.CameraActivity"
66-->src\main\AndroidManifest.xml:41:13-54
67            android:exported="false" />
67-->src\main\AndroidManifest.xml:42:13-37
68        <activity
68-->src\main\AndroidManifest.xml:44:9-46:40
69            android:name="com.nutritionaljournal.activities.MealDetailsActivity"
69-->src\main\AndroidManifest.xml:45:13-59
70            android:exported="false" />
70-->src\main\AndroidManifest.xml:46:13-37
71
72        <!-- MapBox API key -->
73        <meta-data
74            android:name="com.mapbox.token"
74-->src\main\AndroidManifest.xml:50:13-44
75            android:value="sk.eyJ1IjoiNjY1MTAiLCJhIjoiY21ibDduYnluMHdpYTJrcHhtYjMxc3BoMiJ9.Hn7ByQmo_kdm6ukNKbyd_A" />
75-->src\main\AndroidManifest.xml:51:13-51
76
77        <activity
77-->[com.google.android.gms:play-services-base:18.1.0] AndroidManifest.xml:20:9-22:45
78            android:name="com.google.android.gms.common.api.GoogleApiActivity"
78-->[com.google.android.gms:play-services-base:18.1.0] AndroidManifest.xml:20:19-85
79            android:exported="false"
79-->[com.google.android.gms:play-services-base:18.1.0] AndroidManifest.xml:22:19-43
80            android:theme="@android:style/Theme.Translucent.NoTitleBar" />
80-->[com.google.android.gms:play-services-base:18.1.0] AndroidManifest.xml:21:19-78
81
82        <meta-data
82-->[com.google.android.gms:play-services-basement:18.1.0] AndroidManifest.xml:21:9-23:69
83            android:name="com.google.android.gms.version"
83-->[com.google.android.gms:play-services-basement:18.1.0] AndroidManifest.xml:22:13-58
84            android:value="@integer/google_play_services_version" />
84-->[com.google.android.gms:play-services-basement:18.1.0] AndroidManifest.xml:23:13-66
85
86        <service
86-->[androidx.camera:camera-camera2:1.2.2] AndroidManifest.xml:24:9-33:19
87            android:name="androidx.camera.core.impl.MetadataHolderService"
87-->[androidx.camera:camera-camera2:1.2.2] AndroidManifest.xml:25:13-75
88            android:enabled="false"
88-->[androidx.camera:camera-camera2:1.2.2] AndroidManifest.xml:26:13-36
89            android:exported="false" >
89-->[androidx.camera:camera-camera2:1.2.2] AndroidManifest.xml:27:13-37
90            <meta-data
90-->[androidx.camera:camera-camera2:1.2.2] AndroidManifest.xml:30:13-32:89
91                android:name="androidx.camera.core.impl.MetadataHolderService.DEFAULT_CONFIG_PROVIDER"
91-->[androidx.camera:camera-camera2:1.2.2] AndroidManifest.xml:31:17-103
92                android:value="androidx.camera.camera2.Camera2Config$DefaultProvider" />
92-->[androidx.camera:camera-camera2:1.2.2] AndroidManifest.xml:32:17-86
93        </service>
94
95        <provider
95-->[androidx.emoji2:emoji2:1.2.0] AndroidManifest.xml:24:9-32:20
96            android:name="androidx.startup.InitializationProvider"
96-->[androidx.emoji2:emoji2:1.2.0] AndroidManifest.xml:25:13-67
97            android:authorities="com.nutritionaljournal.androidx-startup"
97-->[androidx.emoji2:emoji2:1.2.0] AndroidManifest.xml:26:13-68
98            android:exported="false" >
98-->[androidx.emoji2:emoji2:1.2.0] AndroidManifest.xml:27:13-37
99            <meta-data
99-->[androidx.emoji2:emoji2:1.2.0] AndroidManifest.xml:29:13-31:52
100                android:name="androidx.emoji2.text.EmojiCompatInitializer"
100-->[androidx.emoji2:emoji2:1.2.0] AndroidManifest.xml:30:17-75
101                android:value="androidx.startup" />
101-->[androidx.emoji2:emoji2:1.2.0] AndroidManifest.xml:31:17-49
102            <meta-data
102-->[androidx.lifecycle:lifecycle-process:2.6.1] AndroidManifest.xml:29:13-31:52
103                android:name="androidx.lifecycle.ProcessLifecycleInitializer"
103-->[androidx.lifecycle:lifecycle-process:2.6.1] AndroidManifest.xml:30:17-78
104                android:value="androidx.startup" />
104-->[androidx.lifecycle:lifecycle-process:2.6.1] AndroidManifest.xml:31:17-49
105            <meta-data
105-->[com.mapbox.maps:android-core:10.10.0] AndroidManifest.xml:27:13-29:52
106                android:name="com.mapbox.maps.loader.MapboxMapsInitializer"
106-->[com.mapbox.maps:android-core:10.10.0] AndroidManifest.xml:28:17-76
107                android:value="androidx.startup" /> <!-- This entry makes MapboxSDKCommonInitializer discoverable. -->
107-->[com.mapbox.maps:android-core:10.10.0] AndroidManifest.xml:29:17-49
108            <meta-data
108-->[com.mapbox.common:common:23.2.1] AndroidManifest.xml:21:13-23:52
109                android:name="com.mapbox.common.MapboxSDKCommonInitializer"
109-->[com.mapbox.common:common:23.2.1] AndroidManifest.xml:22:17-76
110                android:value="androidx.startup" />
110-->[com.mapbox.common:common:23.2.1] AndroidManifest.xml:23:17-49
111            <meta-data
111-->[androidx.profileinstaller:profileinstaller:1.3.0] AndroidManifest.xml:29:13-31:52
112                android:name="androidx.profileinstaller.ProfileInstallerInitializer"
112-->[androidx.profileinstaller:profileinstaller:1.3.0] AndroidManifest.xml:30:17-85
113                android:value="androidx.startup" />
113-->[androidx.profileinstaller:profileinstaller:1.3.0] AndroidManifest.xml:31:17-49
114        </provider>
115
116        <receiver
116-->[com.mapbox.common:common:23.2.1] AndroidManifest.xml:26:9-33:20
117            android:name="com.mapbox.common.location.LocationUpdatesReceiver"
117-->[com.mapbox.common:common:23.2.1] AndroidManifest.xml:27:13-78
118            android:enabled="true"
118-->[com.mapbox.common:common:23.2.1] AndroidManifest.xml:28:13-35
119            android:exported="false" >
119-->[com.mapbox.common:common:23.2.1] AndroidManifest.xml:29:13-37
120            <intent-filter>
120-->[com.mapbox.common:common:23.2.1] AndroidManifest.xml:30:13-32:29
121                <action android:name="com.mapbox.common.location.LocationUpdatesReceiver.ACTION_PROCESS_LOCATION_UPDATES" />
121-->[com.mapbox.common:common:23.2.1] AndroidManifest.xml:31:17-125
121-->[com.mapbox.common:common:23.2.1] AndroidManifest.xml:31:25-122
122            </intent-filter>
123        </receiver>
124
125        <service
125-->[com.mapbox.common:common:23.2.1] AndroidManifest.xml:35:9-37:40
126            android:name="com.mapbox.common.LifecycleService"
126-->[com.mapbox.common:common:23.2.1] AndroidManifest.xml:36:13-62
127            android:exported="false" />
127-->[com.mapbox.common:common:23.2.1] AndroidManifest.xml:37:13-37
128
129        <uses-library
129-->[androidx.window:window:1.0.0] AndroidManifest.xml:25:9-27:40
130            android:name="androidx.window.extensions"
130-->[androidx.window:window:1.0.0] AndroidManifest.xml:26:13-54
131            android:required="false" />
131-->[androidx.window:window:1.0.0] AndroidManifest.xml:27:13-37
132        <uses-library
132-->[androidx.window:window:1.0.0] AndroidManifest.xml:28:9-30:40
133            android:name="androidx.window.sidecar"
133-->[androidx.window:window:1.0.0] AndroidManifest.xml:29:13-51
134            android:required="false" />
134-->[androidx.window:window:1.0.0] AndroidManifest.xml:30:13-37
135
136        <service
136-->[androidx.room:room-runtime:2.5.1] AndroidManifest.xml:24:9-28:63
137            android:name="androidx.room.MultiInstanceInvalidationService"
137-->[androidx.room:room-runtime:2.5.1] AndroidManifest.xml:25:13-74
138            android:directBootAware="true"
138-->[androidx.room:room-runtime:2.5.1] AndroidManifest.xml:26:13-43
139            android:exported="false" />
139-->[androidx.room:room-runtime:2.5.1] AndroidManifest.xml:27:13-37
140
141        <receiver
141-->[androidx.profileinstaller:profileinstaller:1.3.0] AndroidManifest.xml:34:9-52:20
142            android:name="androidx.profileinstaller.ProfileInstallReceiver"
142-->[androidx.profileinstaller:profileinstaller:1.3.0] AndroidManifest.xml:35:13-76
143            android:directBootAware="false"
143-->[androidx.profileinstaller:profileinstaller:1.3.0] AndroidManifest.xml:36:13-44
144            android:enabled="true"
144-->[androidx.profileinstaller:profileinstaller:1.3.0] AndroidManifest.xml:37:13-35
145            android:exported="true"
145-->[androidx.profileinstaller:profileinstaller:1.3.0] AndroidManifest.xml:38:13-36
146            android:permission="android.permission.DUMP" >
146-->[androidx.profileinstaller:profileinstaller:1.3.0] AndroidManifest.xml:39:13-57
147            <intent-filter>
147-->[androidx.profileinstaller:profileinstaller:1.3.0] AndroidManifest.xml:40:13-42:29
148                <action android:name="androidx.profileinstaller.action.INSTALL_PROFILE" />
148-->[androidx.profileinstaller:profileinstaller:1.3.0] AndroidManifest.xml:41:17-91
148-->[androidx.profileinstaller:profileinstaller:1.3.0] AndroidManifest.xml:41:25-88
149            </intent-filter>
150            <intent-filter>
150-->[androidx.profileinstaller:profileinstaller:1.3.0] AndroidManifest.xml:43:13-45:29
151                <action android:name="androidx.profileinstaller.action.SKIP_FILE" />
151-->[androidx.profileinstaller:profileinstaller:1.3.0] AndroidManifest.xml:44:17-85
151-->[androidx.profileinstaller:profileinstaller:1.3.0] AndroidManifest.xml:44:25-82
152            </intent-filter>
153            <intent-filter>
153-->[androidx.profileinstaller:profileinstaller:1.3.0] AndroidManifest.xml:46:13-48:29
154                <action android:name="androidx.profileinstaller.action.SAVE_PROFILE" />
154-->[androidx.profileinstaller:profileinstaller:1.3.0] AndroidManifest.xml:47:17-88
154-->[androidx.profileinstaller:profileinstaller:1.3.0] AndroidManifest.xml:47:25-85
155            </intent-filter>
156            <intent-filter>
156-->[androidx.profileinstaller:profileinstaller:1.3.0] AndroidManifest.xml:49:13-51:29
157                <action android:name="androidx.profileinstaller.action.BENCHMARK_OPERATION" />
157-->[androidx.profileinstaller:profileinstaller:1.3.0] AndroidManifest.xml:50:17-95
157-->[androidx.profileinstaller:profileinstaller:1.3.0] AndroidManifest.xml:50:25-92
158            </intent-filter>
159        </receiver>
160    </application>
161
162</manifest>